14:07:44.443 [main] TRACE - Resolving type for handle ctxf97f7type
14:07:44.469 [main] TRACE - Resolving type for handle ctcellstylexfsa81ftype
14:07:44.474 [main] TRACE - Resolving type for handle ctdxfsb26atype
14:07:44.481 [main] TRACE - Resolving type for handle cttablestyles872ftype
14:07:44.489 [main] TRACE - Resolving type for handle sstf81fdoctype
14:07:44.500 [main] TRACE - Resolving type for handle ctsst44f3type
14:07:44.533 [main] TRACE - Resolving type for handle ctrsta472type
14:07:44.579 [main] TRACE - Resolving type for handle workbookec17doctype
14:07:44.592 [main] TRACE - Resolving type for handle ctworkbook83c3type
14:07:44.609 [main] TRACE - Resolving type for handle ctsheets49fdtype
14:07:44.616 [main] TRACE - Resolving type for handle ctsheet4dbetype
14:07:44.623 [main] TRACE - Resolving type for handle strelationshipid1e94type
14:07:44.633 [main] TRACE - Resolving type for handle worksheetf539doctype
14:07:44.645 [main] TRACE - Resolving type for handle ctworksheet530dtype
14:07:44.664 [main] TRACE - Resolving type for handle ctsheetdata8408type
14:07:44.672 [main] TRACE - Resolving type for handle ctrowdd39type
14:07:44.688 [main] TRACE - Resolving type for handle ctcell842btype
14:07:44.710 [main] TRACE - Resolving type for handle stcellrefe4e0type
14:07:44.733 [main] TRACE - Resolving type for handle ctcols627ctype
14:07:44.768 [main] TRACE - Resolving type for handle stcelltypebf95type
14:07:44.784 [main] TRACE - Resolving type for handle stxstringf179type
14:08:03.640 [main] INFO  - Provide the Filters to sort the doctors in the given location
14:08:48.739 [main] INFO  - Retrive the Doctor details
14:08:57.069 [main] DEBUG - Parsing relationship: /xl/_rels/workbook.xml.rels
14:08:57.071 [main] DEBUG - Parsing relationship: /_rels/.rels
14:08:57.087 [main] TRACE - Resolving type for handle ctnumfmtsb58btype
14:08:57.196 [main] TRACE - Resolving type for handle stcellstylexfid70c7type
14:08:57.211 [main] TRACE - Resolving type for handle ctsheetdimensiond310type
14:08:57.217 [main] TRACE - Resolving type for handle stref90a2type
14:08:57.233 [main] TRACE - Resolving type for handle propertiesee84doctype
14:08:57.237 [main] TRACE - Resolving type for handle ctproperties3f10type
14:08:57.256 [main] TRACE - Resolving type for handle properties288cdoctype
14:08:57.259 [main] TRACE - Resolving type for handle ctproperties2c18type
14:08:57.283 [main] DEBUG - Save content types part
14:08:57.455 [main] DEBUG - Save package relationships
14:08:57.465 [main] DEBUG - Save part 'docProps/app.xml'
14:08:57.465 [main] DEBUG - Save part 'docProps/core.xml'
14:08:57.471 [main] DEBUG - Save part 'xl/sharedStrings.xml'
14:08:57.472 [main] DEBUG - Save part 'xl/styles.xml'
14:08:57.473 [main] DEBUG - Save part 'xl/theme/theme1.xml'
14:08:57.474 [main] DEBUG - Save part 'xl/workbook.xml'
14:08:57.478 [main] DEBUG - Save part 'xl/worksheets/sheet1.xml'
14:08:57.479 [main] DEBUG - Save part 'xl/worksheets/sheet2.xml'
14:08:57.480 [main] DEBUG - Save part 'xl/worksheets/sheet3.xml'
14:09:00.501 [main] DEBUG - Parsing relationship: /xl/_rels/workbook.xml.rels
14:09:00.502 [main] DEBUG - Parsing relationship: /_rels/.rels
14:09:00.570 [main] DEBUG - Save content types part
14:09:00.575 [main] DEBUG - Save package relationships
14:09:00.578 [main] DEBUG - Save part 'docProps/app.xml'
14:09:00.579 [main] DEBUG - Save part 'docProps/core.xml'
14:09:00.582 [main] DEBUG - Save part 'xl/sharedStrings.xml'
14:09:00.583 [main] DEBUG - Save part 'xl/styles.xml'
14:09:00.585 [main] DEBUG - Save part 'xl/theme/theme1.xml'
14:09:00.586 [main] DEBUG - Save part 'xl/workbook.xml'
14:09:00.589 [main] DEBUG - Save part 'xl/worksheets/sheet1.xml'
14:09:00.590 [main] DEBUG - Save part 'xl/worksheets/sheet2.xml'
14:09:00.591 [main] DEBUG - Save part 'xl/worksheets/sheet3.xml'
14:09:00.598 [main] INFO  - Goto Surgery --> Retrive the Surgery List
14:10:10.150 [main] DEBUG - Parsing relationship: /xl/_rels/workbook.xml.rels
14:10:10.153 [main] DEBUG - Parsing relationship: /_rels/.rels
14:10:10.219 [main] DEBUG - Save content types part
14:10:10.221 [main] DEBUG - Save package relationships
14:10:10.224 [main] DEBUG - Save part 'docProps/app.xml'
14:10:10.225 [main] DEBUG - Save part 'docProps/core.xml'
14:10:10.228 [main] DEBUG - Save part 'xl/sharedStrings.xml'
14:10:10.229 [main] DEBUG - Save part 'xl/styles.xml'
14:10:10.229 [main] DEBUG - Save part 'xl/theme/theme1.xml'
14:10:10.230 [main] DEBUG - Save part 'xl/workbook.xml'
14:10:10.233 [main] DEBUG - Save part 'xl/worksheets/sheet1.xml'
14:10:10.233 [main] DEBUG - Save part 'xl/worksheets/sheet2.xml'
14:10:10.234 [main] DEBUG - Save part 'xl/worksheets/sheet3.xml'
14:10:10.241 [main] INFO  - Validate Form fields with invalid input
14:10:29.460 [main] INFO  - validate form Details with valid input
