11:43:55.362 [main] DEBUG - Parsing relationship: /xl/_rels/workbook.xml.rels
11:43:55.395 [main] DEBUG - Parsing relationship: /_rels/.rels
11:43:56.015 [main] TRACE - Loading type system org.apache.poi.schemas.ooxml.system.ooxml
11:43:56.023 [main] TRACE - Loading type system org.apache.xmlbeans.metadata.system.sXMLCONFIG
11:43:56.024 [main] TRACE - Loading type system org.apache.xmlbeans.metadata.system.sXMLLANG
11:43:56.025 [main] TRACE - Loading type system org.apache.xmlbeans.metadata.system.sXMLSCHEMA
11:43:56.027 [main] TRACE - Loading type system org.apache.xmlbeans.metadata.system.sXMLTOOLS
11:43:56.030 [main] TRACE - Reading unresolved handles for type system org.apache.xmlbeans.metadata.system.sXMLTOOLS
11:43:56.076 [main] TRACE - Finished loading type system org.apache.xmlbeans.metadata.system.sXMLTOOLS
11:43:56.080 [main] TRACE - Reading unresolved handles for type system org.apache.xmlbeans.metadata.system.sXMLSCHEMA
11:43:56.095 [main] TRACE - Finished loading type system org.apache.xmlbeans.metadata.system.sXMLSCHEMA
11:43:56.098 [main] TRACE - Reading unresolved handles for type system org.apache.xmlbeans.metadata.system.sXMLLANG
11:43:56.100 [main] TRACE - Finished loading type system org.apache.xmlbeans.metadata.system.sXMLLANG
11:43:56.104 [main] TRACE - Reading unresolved handles for type system org.apache.xmlbeans.metadata.system.sXMLCONFIG
11:43:56.107 [main] TRACE - Finished loading type system org.apache.xmlbeans.metadata.system.sXMLCONFIG
11:43:56.110 [main] TRACE - Reading unresolved handles for type system org.apache.poi.schemas.ooxml.system.ooxml
11:43:56.272 [main] TRACE - Finished loading type system org.apache.poi.schemas.ooxml.system.ooxml
11:43:56.276 [main] TRACE - Resolving type for handle themefd26doctype
11:43:56.529 [main] TRACE - Resolving type for handle stylesheet5d8bdoctype
11:43:56.542 [main] TRACE - Resolving type for handle ctstylesheet4257type
11:43:56.562 [main] TRACE - Resolving type for handle ctfonts6623type
11:43:56.572 [main] TRACE - Resolving type for handle ctfont14d8type
11:43:56.593 [main] TRACE - Resolving type for handle ctfills2c6ftype
11:43:56.602 [main] TRACE - Resolving type for handle ctfill550ctype
11:43:56.610 [main] TRACE - Resolving type for handle ctborders0d66type
11:43:56.622 [main] TRACE - Resolving type for handle ctborderf935type
11:43:56.634 [main] TRACE - Resolving type for handle ctcellxfs1322type
11:43:56.644 [main] TRACE - Resolving type for handle ctxf97f7type
11:43:56.654 [main] TRACE - Resolving type for handle ctcellstylexfsa81ftype
11:43:56.661 [main] TRACE - Resolving type for handle ctdxfsb26atype
11:43:56.670 [main] TRACE - Resolving type for handle cttablestyles872ftype
11:43:56.683 [main] TRACE - Resolving type for handle sstf81fdoctype
11:43:56.693 [main] TRACE - Resolving type for handle ctsst44f3type
11:43:56.730 [main] TRACE - Resolving type for handle ctrsta472type
11:43:56.792 [main] TRACE - Resolving type for handle workbookec17doctype
11:43:56.803 [main] TRACE - Resolving type for handle ctworkbook83c3type
11:43:56.821 [main] TRACE - Resolving type for handle ctsheets49fdtype
11:43:56.830 [main] TRACE - Resolving type for handle ctsheet4dbetype
11:43:56.838 [main] TRACE - Resolving type for handle strelationshipid1e94type
11:43:56.846 [main] TRACE - Resolving type for handle worksheetf539doctype
11:43:56.860 [main] TRACE - Resolving type for handle ctworksheet530dtype
11:43:56.891 [main] TRACE - Resolving type for handle ctsheetdata8408type
11:43:56.904 [main] TRACE - Resolving type for handle ctrowdd39type
11:43:56.924 [main] TRACE - Resolving type for handle ctcell842btype
11:43:56.953 [main] TRACE - Resolving type for handle stcellrefe4e0type
11:43:56.983 [main] TRACE - Resolving type for handle ctcols627ctype
11:43:57.026 [main] TRACE - Resolving type for handle stcelltypebf95type
11:43:57.043 [main] TRACE - Resolving type for handle stxstringf179type
11:43:57.108 [main] INFO  - Provide the Filters to sort the doctors in the given location
11:43:57.127 [main] INFO  - Retrive the Doctor details
11:43:57.152 [main] INFO  - Goto Surgery --> Retrive the Surgery List
11:43:57.171 [main] INFO  - Validate Form fields with invalid input
11:45:57.278 [main] INFO  - Goto Find Doctors
11:45:57.289 [main] INFO  - Enter Location and details..
11:45:58.029 [main] DEBUG - Parsing relationship: /xl/_rels/workbook.xml.rels
11:45:58.037 [main] DEBUG - Parsing relationship: /_rels/.rels
11:45:58.868 [main] TRACE - Loading type system org.apache.poi.schemas.ooxml.system.ooxml
11:45:58.879 [main] TRACE - Loading type system org.apache.xmlbeans.metadata.system.sXMLCONFIG
11:45:58.881 [main] TRACE - Loading type system org.apache.xmlbeans.metadata.system.sXMLLANG
11:45:58.884 [main] TRACE - Loading type system org.apache.xmlbeans.metadata.system.sXMLSCHEMA
11:45:58.886 [main] TRACE - Loading type system org.apache.xmlbeans.metadata.system.sXMLTOOLS
11:45:58.890 [main] TRACE - Reading unresolved handles for type system org.apache.xmlbeans.metadata.system.sXMLTOOLS
11:45:58.956 [main] TRACE - Finished loading type system org.apache.xmlbeans.metadata.system.sXMLTOOLS
11:45:58.959 [main] TRACE - Reading unresolved handles for type system org.apache.xmlbeans.metadata.system.sXMLSCHEMA
11:45:58.981 [main] TRACE - Finished loading type system org.apache.xmlbeans.metadata.system.sXMLSCHEMA
11:45:58.986 [main] TRACE - Reading unresolved handles for type system org.apache.xmlbeans.metadata.system.sXMLLANG
11:45:58.989 [main] TRACE - Finished loading type system org.apache.xmlbeans.metadata.system.sXMLLANG
11:45:58.992 [main] TRACE - Reading unresolved handles for type system org.apache.xmlbeans.metadata.system.sXMLCONFIG
11:45:58.995 [main] TRACE - Finished loading type system org.apache.xmlbeans.metadata.system.sXMLCONFIG
11:45:58.998 [main] TRACE - Reading unresolved handles for type system org.apache.poi.schemas.ooxml.system.ooxml
11:45:59.140 [main] TRACE - Finished loading type system org.apache.poi.schemas.ooxml.system.ooxml
11:45:59.142 [main] TRACE - Resolving type for handle themefd26doctype
11:45:59.339 [main] TRACE - Resolving type for handle stylesheet5d8bdoctype
11:45:59.353 [main] TRACE - Resolving type for handle ctstylesheet4257type
11:45:59.368 [main] TRACE - Resolving type for handle ctfonts6623type
11:45:59.381 [main] TRACE - Resolving type for handle ctfont14d8type
11:45:59.404 [main] TRACE - Resolving type for handle ctfills2c6ftype
11:45:59.412 [main] TRACE - Resolving type for handle ctfill550ctype
11:45:59.418 [main] TRACE - Resolving type for handle ctborders0d66type
11:45:59.427 [main] TRACE - Resolving type for handle ctborderf935type
11:45:59.437 [main] TRACE - Resolving type for handle ctcellxfs1322type
11:45:59.446 [main] TRACE - Resolving type for handle ctxf97f7type
11:45:59.457 [main] TRACE - Resolving type for handle ctcellstylexfsa81ftype
11:45:59.463 [main] TRACE - Resolving type for handle ctdxfsb26atype
11:45:59.471 [main] TRACE - Resolving type for handle cttablestyles872ftype
11:45:59.481 [main] TRACE - Resolving type for handle sstf81fdoctype
11:45:59.493 [main] TRACE - Resolving type for handle ctsst44f3type
11:45:59.535 [main] TRACE - Resolving type for handle ctrsta472type
11:45:59.594 [main] TRACE - Resolving type for handle workbookec17doctype
11:45:59.604 [main] TRACE - Resolving type for handle ctworkbook83c3type
11:45:59.620 [main] TRACE - Resolving type for handle ctsheets49fdtype
11:45:59.627 [main] TRACE - Resolving type for handle ctsheet4dbetype
11:45:59.633 [main] TRACE - Resolving type for handle strelationshipid1e94type
11:45:59.641 [main] TRACE - Resolving type for handle worksheetf539doctype
11:45:59.652 [main] TRACE - Resolving type for handle ctworksheet530dtype
11:45:59.675 [main] TRACE - Resolving type for handle ctsheetdata8408type
11:45:59.683 [main] TRACE - Resolving type for handle ctrowdd39type
11:45:59.702 [main] TRACE - Resolving type for handle ctcell842btype
11:45:59.726 [main] TRACE - Resolving type for handle stcellrefe4e0type
11:45:59.749 [main] TRACE - Resolving type for handle ctcols627ctype
11:45:59.788 [main] TRACE - Resolving type for handle stcelltypebf95type
11:45:59.805 [main] TRACE - Resolving type for handle stxstringf179type
11:45:59.862 [main] INFO  - Provide the Filters to sort the doctors in the given location
11:45:59.877 [main] INFO  - Retrive the Doctor details
11:45:59.900 [main] INFO  - Goto Surgery --> Retrive the Surgery List
11:45:59.914 [main] INFO  - Validate Form fields with invalid input
11:49:00.645 [main] INFO  - Goto Find Doctors
11:49:00.656 [main] INFO  - Enter Location and details..
11:49:01.295 [main] DEBUG - Parsing relationship: /xl/_rels/workbook.xml.rels
11:49:01.304 [main] DEBUG - Parsing relationship: /_rels/.rels
11:49:02.033 [main] TRACE - Loading type system org.apache.poi.schemas.ooxml.system.ooxml
11:49:02.041 [main] TRACE - Loading type system org.apache.xmlbeans.metadata.system.sXMLCONFIG
11:49:02.042 [main] TRACE - Loading type system org.apache.xmlbeans.metadata.system.sXMLLANG
11:49:02.044 [main] TRACE - Loading type system org.apache.xmlbeans.metadata.system.sXMLSCHEMA
11:49:02.045 [main] TRACE - Loading type system org.apache.xmlbeans.metadata.system.sXMLTOOLS
11:49:02.048 [main] TRACE - Reading unresolved handles for type system org.apache.xmlbeans.metadata.system.sXMLTOOLS
11:49:02.095 [main] TRACE - Finished loading type system org.apache.xmlbeans.metadata.system.sXMLTOOLS
11:49:02.097 [main] TRACE - Reading unresolved handles for type system org.apache.xmlbeans.metadata.system.sXMLSCHEMA
11:49:02.111 [main] TRACE - Finished loading type system org.apache.xmlbeans.metadata.system.sXMLSCHEMA
11:49:02.114 [main] TRACE - Reading unresolved handles for type system org.apache.xmlbeans.metadata.system.sXMLLANG
11:49:02.117 [main] TRACE - Finished loading type system org.apache.xmlbeans.metadata.system.sXMLLANG
11:49:02.120 [main] TRACE - Reading unresolved handles for type system org.apache.xmlbeans.metadata.system.sXMLCONFIG
11:49:02.123 [main] TRACE - Finished loading type system org.apache.xmlbeans.metadata.system.sXMLCONFIG
11:49:02.126 [main] TRACE - Reading unresolved handles for type system org.apache.poi.schemas.ooxml.system.ooxml
11:49:02.254 [main] TRACE - Finished loading type system org.apache.poi.schemas.ooxml.system.ooxml
11:49:02.256 [main] TRACE - Resolving type for handle themefd26doctype
11:49:02.457 [main] TRACE - Resolving type for handle stylesheet5d8bdoctype
11:49:02.467 [main] TRACE - Resolving type for handle ctstylesheet4257type
11:49:02.484 [main] TRACE - Resolving type for handle ctfonts6623type
11:49:02.501 [main] TRACE - Resolving type for handle ctfont14d8type
11:49:02.517 [main] TRACE - Resolving type for handle ctfills2c6ftype
11:49:02.525 [main] TRACE - Resolving type for handle ctfill550ctype
11:49:02.533 [main] TRACE - Resolving type for handle ctborders0d66type
11:49:02.542 [main] TRACE - Resolving type for handle ctborderf935type
11:49:02.555 [main] TRACE - Resolving type for handle ctcellxfs1322type
11:49:02.564 [main] TRACE - Resolving type for handle ctxf97f7type
11:49:02.575 [main] TRACE - Resolving type for handle ctcellstylexfsa81ftype
11:49:02.582 [main] TRACE - Resolving type for handle ctdxfsb26atype
11:49:02.590 [main] TRACE - Resolving type for handle cttablestyles872ftype
11:49:02.601 [main] TRACE - Resolving type for handle sstf81fdoctype
11:49:02.611 [main] TRACE - Resolving type for handle ctsst44f3type
11:49:02.645 [main] TRACE - Resolving type for handle ctrsta472type
11:49:02.700 [main] TRACE - Resolving type for handle workbookec17doctype
11:49:02.711 [main] TRACE - Resolving type for handle ctworkbook83c3type
11:49:02.727 [main] TRACE - Resolving type for handle ctsheets49fdtype
11:49:02.735 [main] TRACE - Resolving type for handle ctsheet4dbetype
11:49:02.742 [main] TRACE - Resolving type for handle strelationshipid1e94type
11:49:02.750 [main] TRACE - Resolving type for handle worksheetf539doctype
11:49:02.762 [main] TRACE - Resolving type for handle ctworksheet530dtype
11:49:02.781 [main] TRACE - Resolving type for handle ctsheetdata8408type
11:49:02.787 [main] TRACE - Resolving type for handle ctrowdd39type
11:49:02.803 [main] TRACE - Resolving type for handle ctcell842btype
11:49:02.824 [main] TRACE - Resolving type for handle stcellrefe4e0type
11:49:02.843 [main] TRACE - Resolving type for handle ctcols627ctype
11:49:02.875 [main] TRACE - Resolving type for handle stcelltypebf95type
11:49:02.890 [main] TRACE - Resolving type for handle stxstringf179type
11:49:02.939 [main] INFO  - Provide the Filters to sort the doctors in the given location
11:49:02.953 [main] INFO  - Retrive the Doctor details
11:49:02.973 [main] INFO  - Goto Surgery --> Retrive the Surgery List
11:49:03.004 [main] INFO  - Validate Form fields with invalid input
11:52:45.216 [main] INFO  - Goto Find Doctors
11:52:45.227 [main] INFO  - Enter Location and details..
11:52:46.223 [main] DEBUG - Parsing relationship: /xl/_rels/workbook.xml.rels
11:52:46.236 [main] DEBUG - Parsing relationship: /_rels/.rels
11:52:47.344 [main] TRACE - Loading type system org.apache.poi.schemas.ooxml.system.ooxml
11:52:47.358 [main] TRACE - Loading type system org.apache.xmlbeans.metadata.system.sXMLCONFIG
11:52:47.360 [main] TRACE - Loading type system org.apache.xmlbeans.metadata.system.sXMLLANG
11:52:47.365 [main] TRACE - Loading type system org.apache.xmlbeans.metadata.system.sXMLSCHEMA
11:52:47.367 [main] TRACE - Loading type system org.apache.xmlbeans.metadata.system.sXMLTOOLS
11:52:47.372 [main] TRACE - Reading unresolved handles for type system org.apache.xmlbeans.metadata.system.sXMLTOOLS
11:52:47.436 [main] TRACE - Finished loading type system org.apache.xmlbeans.metadata.system.sXMLTOOLS
11:52:47.440 [main] TRACE - Reading unresolved handles for type system org.apache.xmlbeans.metadata.system.sXMLSCHEMA
11:52:47.458 [main] TRACE - Finished loading type system org.apache.xmlbeans.metadata.system.sXMLSCHEMA
11:52:47.461 [main] TRACE - Reading unresolved handles for type system org.apache.xmlbeans.metadata.system.sXMLLANG
11:52:47.465 [main] TRACE - Finished loading type system org.apache.xmlbeans.metadata.system.sXMLLANG
11:52:47.468 [main] TRACE - Reading unresolved handles for type system org.apache.xmlbeans.metadata.system.sXMLCONFIG
11:52:47.472 [main] TRACE - Finished loading type system org.apache.xmlbeans.metadata.system.sXMLCONFIG
11:52:47.475 [main] TRACE - Reading unresolved handles for type system org.apache.poi.schemas.ooxml.system.ooxml
11:52:47.601 [main] TRACE - Finished loading type system org.apache.poi.schemas.ooxml.system.ooxml
11:52:47.603 [main] TRACE - Resolving type for handle themefd26doctype
11:52:47.799 [main] TRACE - Resolving type for handle stylesheet5d8bdoctype
11:52:47.815 [main] TRACE - Resolving type for handle ctstylesheet4257type
11:52:47.830 [main] TRACE - Resolving type for handle ctfonts6623type
11:52:47.842 [main] TRACE - Resolving type for handle ctfont14d8type
11:52:47.860 [main] TRACE - Resolving type for handle ctfills2c6ftype
11:52:47.868 [main] TRACE - Resolving type for handle ctfill550ctype
11:52:47.875 [main] TRACE - Resolving type for handle ctborders0d66type
11:52:47.884 [main] TRACE - Resolving type for handle ctborderf935type
11:52:47.894 [main] TRACE - Resolving type for handle ctcellxfs1322type
11:52:47.904 [main] TRACE - Resolving type for handle ctxf97f7type
11:52:47.914 [main] TRACE - Resolving type for handle ctcellstylexfsa81ftype
11:52:47.919 [main] TRACE - Resolving type for handle ctdxfsb26atype
11:52:47.926 [main] TRACE - Resolving type for handle cttablestyles872ftype
11:52:47.936 [main] TRACE - Resolving type for handle sstf81fdoctype
11:52:47.945 [main] TRACE - Resolving type for handle ctsst44f3type
11:52:47.978 [main] TRACE - Resolving type for handle ctrsta472type
11:52:48.032 [main] TRACE - Resolving type for handle workbookec17doctype
11:52:48.043 [main] TRACE - Resolving type for handle ctworkbook83c3type
11:52:48.061 [main] TRACE - Resolving type for handle ctsheets49fdtype
11:52:48.069 [main] TRACE - Resolving type for handle ctsheet4dbetype
11:52:48.077 [main] TRACE - Resolving type for handle strelationshipid1e94type
11:52:48.087 [main] TRACE - Resolving type for handle worksheetf539doctype
11:52:48.098 [main] TRACE - Resolving type for handle ctworksheet530dtype
11:52:48.126 [main] TRACE - Resolving type for handle ctsheetdata8408type
11:52:48.142 [main] TRACE - Resolving type for handle ctrowdd39type
11:52:48.169 [main] TRACE - Resolving type for handle ctcell842btype
11:52:48.204 [main] TRACE - Resolving type for handle stcellrefe4e0type
11:52:48.248 [main] TRACE - Resolving type for handle ctcols627ctype
11:52:48.310 [main] TRACE - Resolving type for handle stcelltypebf95type
11:52:48.334 [main] TRACE - Resolving type for handle stxstringf179type
11:52:48.400 [main] INFO  - Provide the Filters to sort the doctors in the given location
11:52:48.414 [main] INFO  - Retrive the Doctor details
11:52:48.439 [main] INFO  - Goto Surgery --> Retrive the Surgery List
11:52:48.452 [main] INFO  - Validate Form fields with invalid input
11:54:25.167 [main] INFO  - Goto Find Doctors
11:54:25.178 [main] INFO  - Enter Location and details..
11:54:25.831 [main] DEBUG - Parsing relationship: /xl/_rels/workbook.xml.rels
11:54:25.840 [main] DEBUG - Parsing relationship: /_rels/.rels
11:54:26.589 [main] TRACE - Loading type system org.apache.poi.schemas.ooxml.system.ooxml
11:54:26.599 [main] TRACE - Loading type system org.apache.xmlbeans.metadata.system.sXMLCONFIG
11:54:26.601 [main] TRACE - Loading type system org.apache.xmlbeans.metadata.system.sXMLLANG
11:54:26.603 [main] TRACE - Loading type system org.apache.xmlbeans.metadata.system.sXMLSCHEMA
11:54:26.605 [main] TRACE - Loading type system org.apache.xmlbeans.metadata.system.sXMLTOOLS
11:54:26.608 [main] TRACE - Reading unresolved handles for type system org.apache.xmlbeans.metadata.system.sXMLTOOLS
11:54:26.665 [main] TRACE - Finished loading type system org.apache.xmlbeans.metadata.system.sXMLTOOLS
11:54:26.669 [main] TRACE - Reading unresolved handles for type system org.apache.xmlbeans.metadata.system.sXMLSCHEMA
11:54:26.691 [main] TRACE - Finished loading type system org.apache.xmlbeans.metadata.system.sXMLSCHEMA
11:54:26.695 [main] TRACE - Reading unresolved handles for type system org.apache.xmlbeans.metadata.system.sXMLLANG
11:54:26.701 [main] TRACE - Finished loading type system org.apache.xmlbeans.metadata.system.sXMLLANG
11:54:26.704 [main] TRACE - Reading unresolved handles for type system org.apache.xmlbeans.metadata.system.sXMLCONFIG
11:54:26.709 [main] TRACE - Finished loading type system org.apache.xmlbeans.metadata.system.sXMLCONFIG
11:54:26.713 [main] TRACE - Reading unresolved handles for type system org.apache.poi.schemas.ooxml.system.ooxml
11:54:26.883 [main] TRACE - Finished loading type system org.apache.poi.schemas.ooxml.system.ooxml
11:54:26.888 [main] TRACE - Resolving type for handle themefd26doctype
11:54:27.189 [main] TRACE - Resolving type for handle stylesheet5d8bdoctype
11:54:27.212 [main] TRACE - Resolving type for handle ctstylesheet4257type
11:54:27.238 [main] TRACE - Resolving type for handle ctfonts6623type
11:54:27.251 [main] TRACE - Resolving type for handle ctfont14d8type
11:54:27.291 [main] TRACE - Resolving type for handle ctfills2c6ftype
11:54:27.306 [main] TRACE - Resolving type for handle ctfill550ctype
11:54:27.320 [main] TRACE - Resolving type for handle ctborders0d66type
11:54:27.337 [main] TRACE - Resolving type for handle ctborderf935type
11:54:27.355 [main] TRACE - Resolving type for handle ctcellxfs1322type
11:54:27.369 [main] TRACE - Resolving type for handle ctxf97f7type
11:54:27.383 [main] TRACE - Resolving type for handle ctcellstylexfsa81ftype
11:54:27.393 [main] TRACE - Resolving type for handle ctdxfsb26atype
11:54:27.403 [main] TRACE - Resolving type for handle cttablestyles872ftype
11:54:27.416 [main] TRACE - Resolving type for handle sstf81fdoctype
11:54:27.426 [main] TRACE - Resolving type for handle ctsst44f3type
11:54:27.472 [main] TRACE - Resolving type for handle ctrsta472type
11:54:27.534 [main] TRACE - Resolving type for handle workbookec17doctype
11:54:27.547 [main] TRACE - Resolving type for handle ctworkbook83c3type
11:54:27.563 [main] TRACE - Resolving type for handle ctsheets49fdtype
11:54:27.570 [main] TRACE - Resolving type for handle ctsheet4dbetype
11:54:27.577 [main] TRACE - Resolving type for handle strelationshipid1e94type
11:54:27.585 [main] TRACE - Resolving type for handle worksheetf539doctype
11:54:27.596 [main] TRACE - Resolving type for handle ctworksheet530dtype
11:54:27.617 [main] TRACE - Resolving type for handle ctsheetdata8408type
11:54:27.625 [main] TRACE - Resolving type for handle ctrowdd39type
11:54:27.652 [main] TRACE - Resolving type for handle ctcell842btype
11:54:27.690 [main] TRACE - Resolving type for handle stcellrefe4e0type
11:54:27.717 [main] TRACE - Resolving type for handle ctcols627ctype
11:54:27.774 [main] TRACE - Resolving type for handle stcelltypebf95type
11:54:27.798 [main] TRACE - Resolving type for handle stxstringf179type
11:54:27.871 [main] INFO  - Provide the Filters to sort the doctors in the given location
11:54:27.893 [main] INFO  - Retrive the Doctor details
11:54:27.926 [main] INFO  - Goto Surgery --> Retrive the Surgery List
11:54:27.947 [main] INFO  - Validate Form fields with invalid input
11:59:53.207 [main] INFO  - Goto Find Doctors
11:59:53.216 [main] INFO  - Enter Location and details..
11:59:53.774 [main] DEBUG - Parsing relationship: /xl/_rels/workbook.xml.rels
11:59:53.783 [main] DEBUG - Parsing relationship: /_rels/.rels
11:59:54.578 [main] TRACE - Loading type system org.apache.poi.schemas.ooxml.system.ooxml
11:59:54.589 [main] TRACE - Loading type system org.apache.xmlbeans.metadata.system.sXMLCONFIG
11:59:54.590 [main] TRACE - Loading type system org.apache.xmlbeans.metadata.system.sXMLLANG
11:59:54.593 [main] TRACE - Loading type system org.apache.xmlbeans.metadata.system.sXMLSCHEMA
11:59:54.595 [main] TRACE - Loading type system org.apache.xmlbeans.metadata.system.sXMLTOOLS
11:59:54.598 [main] TRACE - Reading unresolved handles for type system org.apache.xmlbeans.metadata.system.sXMLTOOLS
11:59:54.641 [main] TRACE - Finished loading type system org.apache.xmlbeans.metadata.system.sXMLTOOLS
11:59:54.643 [main] TRACE - Reading unresolved handles for type system org.apache.xmlbeans.metadata.system.sXMLSCHEMA
11:59:54.654 [main] TRACE - Finished loading type system org.apache.xmlbeans.metadata.system.sXMLSCHEMA
11:59:54.657 [main] TRACE - Reading unresolved handles for type system org.apache.xmlbeans.metadata.system.sXMLLANG
11:59:54.659 [main] TRACE - Finished loading type system org.apache.xmlbeans.metadata.system.sXMLLANG
11:59:54.661 [main] TRACE - Reading unresolved handles for type system org.apache.xmlbeans.metadata.system.sXMLCONFIG
11:59:54.666 [main] TRACE - Finished loading type system org.apache.xmlbeans.metadata.system.sXMLCONFIG
11:59:54.668 [main] TRACE - Reading unresolved handles for type system org.apache.poi.schemas.ooxml.system.ooxml
11:59:54.784 [main] TRACE - Finished loading type system org.apache.poi.schemas.ooxml.system.ooxml
11:59:54.786 [main] TRACE - Resolving type for handle themefd26doctype
11:59:54.993 [main] TRACE - Resolving type for handle stylesheet5d8bdoctype
11:59:55.005 [main] TRACE - Resolving type for handle ctstylesheet4257type
11:59:55.026 [main] TRACE - Resolving type for handle ctfonts6623type
11:59:55.036 [main] TRACE - Resolving type for handle ctfont14d8type
11:59:55.055 [main] TRACE - Resolving type for handle ctfills2c6ftype
11:59:55.064 [main] TRACE - Resolving type for handle ctfill550ctype
11:59:55.072 [main] TRACE - Resolving type for handle ctborders0d66type
11:59:55.081 [main] TRACE - Resolving type for handle ctborderf935type
11:59:55.090 [main] TRACE - Resolving type for handle ctcellxfs1322type
11:59:55.097 [main] TRACE - Resolving type for handle ctxf97f7type
11:59:55.109 [main] TRACE - Resolving type for handle ctcellstylexfsa81ftype
11:59:55.114 [main] TRACE - Resolving type for handle ctdxfsb26atype
11:59:55.122 [main] TRACE - Resolving type for handle cttablestyles872ftype
11:59:55.132 [main] TRACE - Resolving type for handle sstf81fdoctype
11:59:55.143 [main] TRACE - Resolving type for handle ctsst44f3type
11:59:55.178 [main] TRACE - Resolving type for handle ctrsta472type
11:59:55.240 [main] TRACE - Resolving type for handle workbookec17doctype
11:59:55.252 [main] TRACE - Resolving type for handle ctworkbook83c3type
11:59:55.270 [main] TRACE - Resolving type for handle ctsheets49fdtype
11:59:55.278 [main] TRACE - Resolving type for handle ctsheet4dbetype
11:59:55.286 [main] TRACE - Resolving type for handle strelationshipid1e94type
11:59:55.295 [main] TRACE - Resolving type for handle worksheetf539doctype
11:59:55.306 [main] TRACE - Resolving type for handle ctworksheet530dtype
11:59:55.329 [main] TRACE - Resolving type for handle ctsheetdata8408type
11:59:55.337 [main] TRACE - Resolving type for handle ctrowdd39type
11:59:55.356 [main] TRACE - Resolving type for handle ctcell842btype
11:59:55.379 [main] TRACE - Resolving type for handle stcellrefe4e0type
11:59:55.406 [main] TRACE - Resolving type for handle ctcols627ctype
11:59:55.445 [main] TRACE - Resolving type for handle stcelltypebf95type
11:59:55.461 [main] TRACE - Resolving type for handle stxstringf179type
12:00:05.613 [main] INFO  - Provide the Filters to sort the doctors in the given location
12:00:47.626 [main] INFO  - Retrive the Doctor details
12:01:15.863 [main] DEBUG - Parsing relationship: /xl/_rels/workbook.xml.rels
12:01:15.865 [main] DEBUG - Parsing relationship: /_rels/.rels
12:01:15.889 [main] TRACE - Resolving type for handle ctnumfmtsb58btype
12:01:16.006 [main] TRACE - Resolving type for handle stcellstylexfid70c7type
12:01:16.027 [main] TRACE - Resolving type for handle ctsheetdimensiond310type
12:01:16.033 [main] TRACE - Resolving type for handle stref90a2type
12:01:16.051 [main] TRACE - Resolving type for handle propertiesee84doctype
12:01:16.056 [main] TRACE - Resolving type for handle ctproperties3f10type
12:01:16.080 [main] TRACE - Resolving type for handle properties288cdoctype
12:01:16.084 [main] TRACE - Resolving type for handle ctproperties2c18type
12:01:16.119 [main] DEBUG - Save content types part
12:01:16.306 [main] DEBUG - Save package relationships
12:01:16.318 [main] DEBUG - Save part 'docProps/app.xml'
12:01:16.319 [main] DEBUG - Save part 'docProps/core.xml'
12:01:16.325 [main] DEBUG - Save part 'xl/sharedStrings.xml'
12:01:16.326 [main] DEBUG - Save part 'xl/styles.xml'
12:01:16.328 [main] DEBUG - Save part 'xl/theme/theme1.xml'
12:01:16.330 [main] DEBUG - Save part 'xl/workbook.xml'
12:01:16.335 [main] DEBUG - Save part 'xl/worksheets/sheet1.xml'
12:01:16.335 [main] DEBUG - Save part 'xl/worksheets/sheet2.xml'
12:01:16.336 [main] DEBUG - Save part 'xl/worksheets/sheet3.xml'
12:01:19.363 [main] DEBUG - Parsing relationship: /xl/_rels/workbook.xml.rels
12:01:19.366 [main] DEBUG - Parsing relationship: /_rels/.rels
12:01:19.457 [main] DEBUG - Save content types part
12:01:19.462 [main] DEBUG - Save package relationships
12:01:19.466 [main] DEBUG - Save part 'docProps/app.xml'
12:01:19.467 [main] DEBUG - Save part 'docProps/core.xml'
12:01:19.470 [main] DEBUG - Save part 'xl/sharedStrings.xml'
12:01:19.472 [main] DEBUG - Save part 'xl/styles.xml'
12:01:19.473 [main] DEBUG - Save part 'xl/theme/theme1.xml'
12:01:19.474 [main] DEBUG - Save part 'xl/workbook.xml'
12:01:19.488 [main] DEBUG - Save part 'xl/worksheets/sheet1.xml'
12:01:19.489 [main] DEBUG - Save part 'xl/worksheets/sheet2.xml'
12:01:19.490 [main] DEBUG - Save part 'xl/worksheets/sheet3.xml'
12:01:19.560 [main] INFO  - Goto Surgery --> Retrive the Surgery List
12:01:49.115 [main] INFO  - Validate Form fields with invalid input
12:12:35.878 [main] INFO  - Chrome browser opened successfully
12:12:35.935 [main] INFO  - Goto Find Doctors
12:12:35.936 [main] INFO  - Enter Location and details..
12:12:36.562 [main] DEBUG - Parsing relationship: /xl/_rels/workbook.xml.rels
12:12:36.569 [main] DEBUG - Parsing relationship: /_rels/.rels
12:12:37.347 [main] TRACE - Loading type system org.apache.poi.schemas.ooxml.system.ooxml
12:12:37.356 [main] TRACE - Loading type system org.apache.xmlbeans.metadata.system.sXMLCONFIG
12:12:37.358 [main] TRACE - Loading type system org.apache.xmlbeans.metadata.system.sXMLLANG
12:12:37.360 [main] TRACE - Loading type system org.apache.xmlbeans.metadata.system.sXMLSCHEMA
12:12:37.362 [main] TRACE - Loading type system org.apache.xmlbeans.metadata.system.sXMLTOOLS
12:12:37.365 [main] TRACE - Reading unresolved handles for type system org.apache.xmlbeans.metadata.system.sXMLTOOLS
12:12:37.408 [main] TRACE - Finished loading type system org.apache.xmlbeans.metadata.system.sXMLTOOLS
12:12:37.410 [main] TRACE - Reading unresolved handles for type system org.apache.xmlbeans.metadata.system.sXMLSCHEMA
12:12:37.418 [main] TRACE - Finished loading type system org.apache.xmlbeans.metadata.system.sXMLSCHEMA
12:12:37.421 [main] TRACE - Reading unresolved handles for type system org.apache.xmlbeans.metadata.system.sXMLLANG
12:12:37.423 [main] TRACE - Finished loading type system org.apache.xmlbeans.metadata.system.sXMLLANG
12:12:37.425 [main] TRACE - Reading unresolved handles for type system org.apache.xmlbeans.metadata.system.sXMLCONFIG
12:12:37.427 [main] TRACE - Finished loading type system org.apache.xmlbeans.metadata.system.sXMLCONFIG
12:12:37.430 [main] TRACE - Reading unresolved handles for type system org.apache.poi.schemas.ooxml.system.ooxml
12:12:37.527 [main] TRACE - Finished loading type system org.apache.poi.schemas.ooxml.system.ooxml
12:12:37.530 [main] TRACE - Resolving type for handle themefd26doctype
12:12:37.715 [main] TRACE - Resolving type for handle stylesheet5d8bdoctype
12:12:37.727 [main] TRACE - Resolving type for handle ctstylesheet4257type
12:12:37.741 [main] TRACE - Resolving type for handle ctfonts6623type
12:12:37.754 [main] TRACE - Resolving type for handle ctfont14d8type
12:12:37.776 [main] TRACE - Resolving type for handle ctfills2c6ftype
12:12:37.786 [main] TRACE - Resolving type for handle ctfill550ctype
12:12:37.794 [main] TRACE - Resolving type for handle ctborders0d66type
12:12:37.804 [main] TRACE - Resolving type for handle ctborderf935type
12:12:37.816 [main] TRACE - Resolving type for handle ctcellxfs1322type
12:12:37.825 [main] TRACE - Resolving type for handle ctxf97f7type
12:12:37.836 [main] TRACE - Resolving type for handle ctcellstylexfsa81ftype
12:12:37.843 [main] TRACE - Resolving type for handle ctdxfsb26atype
12:12:37.850 [main] TRACE - Resolving type for handle cttablestyles872ftype
12:12:37.860 [main] TRACE - Resolving type for handle sstf81fdoctype
12:12:37.870 [main] TRACE - Resolving type for handle ctsst44f3type
12:12:37.902 [main] TRACE - Resolving type for handle ctrsta472type
12:12:37.957 [main] TRACE - Resolving type for handle workbookec17doctype
12:12:37.968 [main] TRACE - Resolving type for handle ctworkbook83c3type
12:12:37.983 [main] TRACE - Resolving type for handle ctsheets49fdtype
12:12:37.990 [main] TRACE - Resolving type for handle ctsheet4dbetype
12:12:37.996 [main] TRACE - Resolving type for handle strelationshipid1e94type
12:12:38.004 [main] TRACE - Resolving type for handle worksheetf539doctype
12:12:38.012 [main] TRACE - Resolving type for handle ctworksheet530dtype
12:12:38.029 [main] TRACE - Resolving type for handle ctsheetdata8408type
12:12:38.036 [main] TRACE - Resolving type for handle ctrowdd39type
12:12:38.049 [main] TRACE - Resolving type for handle ctcell842btype
12:12:38.066 [main] TRACE - Resolving type for handle stcellrefe4e0type
12:12:38.086 [main] TRACE - Resolving type for handle ctcols627ctype
12:12:38.115 [main] TRACE - Resolving type for handle stcelltypebf95type
12:12:38.130 [main] TRACE - Resolving type for handle stxstringf179type
12:12:38.278 [main] INFO  - Provide the Filters to sort the doctors in the given location
12:12:38.344 [main] INFO  - Retrive the Doctor details
12:12:46.487 [main] DEBUG - Parsing relationship: /xl/_rels/workbook.xml.rels
12:12:46.489 [main] DEBUG - Parsing relationship: /_rels/.rels
12:12:46.507 [main] TRACE - Resolving type for handle ctnumfmtsb58btype
12:12:46.611 [main] TRACE - Resolving type for handle stcellstylexfid70c7type
12:12:46.624 [main] TRACE - Resolving type for handle ctsheetdimensiond310type
12:12:46.629 [main] TRACE - Resolving type for handle stref90a2type
12:12:46.645 [main] TRACE - Resolving type for handle propertiesee84doctype
12:12:46.649 [main] TRACE - Resolving type for handle ctproperties3f10type
12:12:46.666 [main] TRACE - Resolving type for handle properties288cdoctype
12:12:46.669 [main] TRACE - Resolving type for handle ctproperties2c18type
12:12:46.696 [main] DEBUG - Save content types part
12:12:46.857 [main] DEBUG - Save package relationships
12:12:46.864 [main] DEBUG - Save part 'docProps/app.xml'
12:12:46.865 [main] DEBUG - Save part 'docProps/core.xml'
12:12:46.869 [main] DEBUG - Save part 'xl/sharedStrings.xml'
12:12:46.870 [main] DEBUG - Save part 'xl/styles.xml'
12:12:46.870 [main] DEBUG - Save part 'xl/theme/theme1.xml'
12:12:46.871 [main] DEBUG - Save part 'xl/workbook.xml'
12:12:46.874 [main] DEBUG - Save part 'xl/worksheets/sheet1.xml'
12:12:46.875 [main] DEBUG - Save part 'xl/worksheets/sheet2.xml'
12:12:46.875 [main] DEBUG - Save part 'xl/worksheets/sheet3.xml'
12:12:49.909 [main] DEBUG - Parsing relationship: /xl/_rels/workbook.xml.rels
12:12:49.911 [main] DEBUG - Parsing relationship: /_rels/.rels
12:12:50.019 [main] DEBUG - Save content types part
12:12:50.023 [main] DEBUG - Save package relationships
12:12:50.027 [main] DEBUG - Save part 'docProps/app.xml'
12:12:50.028 [main] DEBUG - Save part 'docProps/core.xml'
12:12:50.034 [main] DEBUG - Save part 'xl/sharedStrings.xml'
12:12:50.035 [main] DEBUG - Save part 'xl/styles.xml'
12:12:50.037 [main] DEBUG - Save part 'xl/theme/theme1.xml'
12:12:50.038 [main] DEBUG - Save part 'xl/workbook.xml'
12:12:50.048 [main] DEBUG - Save part 'xl/worksheets/sheet1.xml'
12:12:50.049 [main] DEBUG - Save part 'xl/worksheets/sheet2.xml'
12:12:50.050 [main] DEBUG - Save part 'xl/worksheets/sheet3.xml'
12:12:50.062 [main] INFO  - Goto Surgery --> Retrive the Surgery List
12:12:50.096 [main] INFO  - Validate Form fields with invalid input
12:22:11.752 [main] INFO  - Chrome browser opened successfully
12:22:11.846 [main] INFO  - Goto Find Doctors
12:22:11.846 [main] INFO  - Enter Location and details..
12:22:12.719 [main] DEBUG - Parsing relationship: /xl/_rels/workbook.xml.rels
12:22:12.730 [main] DEBUG - Parsing relationship: /_rels/.rels
12:22:13.661 [main] TRACE - Loading type system org.apache.poi.schemas.ooxml.system.ooxml
12:22:13.674 [main] TRACE - Loading type system org.apache.xmlbeans.metadata.system.sXMLCONFIG
12:22:13.676 [main] TRACE - Loading type system org.apache.xmlbeans.metadata.system.sXMLLANG
12:22:13.678 [main] TRACE - Loading type system org.apache.xmlbeans.metadata.system.sXMLSCHEMA
12:22:13.680 [main] TRACE - Loading type system org.apache.xmlbeans.metadata.system.sXMLTOOLS
12:22:13.684 [main] TRACE - Reading unresolved handles for type system org.apache.xmlbeans.metadata.system.sXMLTOOLS
12:22:13.737 [main] TRACE - Finished loading type system org.apache.xmlbeans.metadata.system.sXMLTOOLS
12:22:13.742 [main] TRACE - Reading unresolved handles for type system org.apache.xmlbeans.metadata.system.sXMLSCHEMA
12:22:13.755 [main] TRACE - Finished loading type system org.apache.xmlbeans.metadata.system.sXMLSCHEMA
12:22:13.758 [main] TRACE - Reading unresolved handles for type system org.apache.xmlbeans.metadata.system.sXMLLANG
12:22:13.761 [main] TRACE - Finished loading type system org.apache.xmlbeans.metadata.system.sXMLLANG
12:22:13.764 [main] TRACE - Reading unresolved handles for type system org.apache.xmlbeans.metadata.system.sXMLCONFIG
12:22:13.766 [main] TRACE - Finished loading type system org.apache.xmlbeans.metadata.system.sXMLCONFIG
12:22:13.770 [main] TRACE - Reading unresolved handles for type system org.apache.poi.schemas.ooxml.system.ooxml
12:22:13.918 [main] TRACE - Finished loading type system org.apache.poi.schemas.ooxml.system.ooxml
12:22:13.922 [main] TRACE - Resolving type for handle themefd26doctype
12:22:14.166 [main] TRACE - Resolving type for handle stylesheet5d8bdoctype
12:22:14.180 [main] TRACE - Resolving type for handle ctstylesheet4257type
12:22:14.202 [main] TRACE - Resolving type for handle ctfonts6623type
12:22:14.216 [main] TRACE - Resolving type for handle ctfont14d8type
12:22:14.237 [main] TRACE - Resolving type for handle ctfills2c6ftype
12:22:14.246 [main] TRACE - Resolving type for handle ctfill550ctype
12:22:14.254 [main] TRACE - Resolving type for handle ctborders0d66type
12:22:14.263 [main] TRACE - Resolving type for handle ctborderf935type
12:22:14.281 [main] TRACE - Resolving type for handle ctcellxfs1322type
12:22:14.291 [main] TRACE - Resolving type for handle ctxf97f7type
12:22:14.302 [main] TRACE - Resolving type for handle ctcellstylexfsa81ftype
12:22:14.312 [main] TRACE - Resolving type for handle ctdxfsb26atype
12:22:14.326 [main] TRACE - Resolving type for handle cttablestyles872ftype
12:22:14.344 [main] TRACE - Resolving type for handle sstf81fdoctype
12:22:14.357 [main] TRACE - Resolving type for handle ctsst44f3type
12:22:14.415 [main] TRACE - Resolving type for handle ctrsta472type
12:22:14.494 [main] TRACE - Resolving type for handle workbookec17doctype
12:22:14.509 [main] TRACE - Resolving type for handle ctworkbook83c3type
12:22:14.527 [main] TRACE - Resolving type for handle ctsheets49fdtype
12:22:14.535 [main] TRACE - Resolving type for handle ctsheet4dbetype
12:22:14.543 [main] TRACE - Resolving type for handle strelationshipid1e94type
12:22:14.554 [main] TRACE - Resolving type for handle worksheetf539doctype
12:22:14.571 [main] TRACE - Resolving type for handle ctworksheet530dtype
12:22:14.600 [main] TRACE - Resolving type for handle ctsheetdata8408type
12:22:14.609 [main] TRACE - Resolving type for handle ctrowdd39type
12:22:14.627 [main] TRACE - Resolving type for handle ctcell842btype
12:22:14.664 [main] TRACE - Resolving type for handle stcellrefe4e0type
12:22:14.694 [main] TRACE - Resolving type for handle ctcols627ctype
12:22:14.747 [main] TRACE - Resolving type for handle stcelltypebf95type
12:22:14.765 [main] TRACE - Resolving type for handle stxstringf179type
12:22:15.010 [main] INFO  - Provide the Filters to sort the doctors in the given location
12:22:15.087 [main] INFO  - Retrive the Doctor details
12:22:23.290 [main] DEBUG - Parsing relationship: /xl/_rels/workbook.xml.rels
12:22:23.293 [main] DEBUG - Parsing relationship: /_rels/.rels
12:22:23.322 [main] TRACE - Resolving type for handle ctnumfmtsb58btype
12:22:23.477 [main] TRACE - Resolving type for handle stcellstylexfid70c7type
12:22:23.499 [main] TRACE - Resolving type for handle ctsheetdimensiond310type
12:22:23.506 [main] TRACE - Resolving type for handle stref90a2type
12:22:23.527 [main] TRACE - Resolving type for handle propertiesee84doctype
12:22:23.532 [main] TRACE - Resolving type for handle ctproperties3f10type
12:22:23.559 [main] TRACE - Resolving type for handle properties288cdoctype
12:22:23.563 [main] TRACE - Resolving type for handle ctproperties2c18type
12:22:23.602 [main] DEBUG - Save content types part
12:22:23.894 [main] DEBUG - Save package relationships
12:22:23.904 [main] DEBUG - Save part 'docProps/app.xml'
12:22:23.906 [main] DEBUG - Save part 'docProps/core.xml'
12:22:23.913 [main] DEBUG - Save part 'xl/sharedStrings.xml'
12:22:23.914 [main] DEBUG - Save part 'xl/styles.xml'
12:22:23.915 [main] DEBUG - Save part 'xl/theme/theme1.xml'
12:22:23.917 [main] DEBUG - Save part 'xl/workbook.xml'
12:22:23.923 [main] DEBUG - Save part 'xl/worksheets/sheet1.xml'
12:22:23.924 [main] DEBUG - Save part 'xl/worksheets/sheet2.xml'
12:22:23.925 [main] DEBUG - Save part 'xl/worksheets/sheet3.xml'
12:22:26.975 [main] DEBUG - Parsing relationship: /xl/_rels/workbook.xml.rels
12:22:26.978 [main] DEBUG - Parsing relationship: /_rels/.rels
12:22:27.051 [main] DEBUG - Save content types part
12:22:27.055 [main] DEBUG - Save package relationships
12:22:27.058 [main] DEBUG - Save part 'docProps/app.xml'
12:22:27.059 [main] DEBUG - Save part 'docProps/core.xml'
12:22:27.063 [main] DEBUG - Save part 'xl/sharedStrings.xml'
12:22:27.064 [main] DEBUG - Save part 'xl/styles.xml'
12:22:27.065 [main] DEBUG - Save part 'xl/theme/theme1.xml'
12:22:27.067 [main] DEBUG - Save part 'xl/workbook.xml'
12:22:27.073 [main] DEBUG - Save part 'xl/worksheets/sheet1.xml'
12:22:27.074 [main] DEBUG - Save part 'xl/worksheets/sheet2.xml'
12:22:27.075 [main] DEBUG - Save part 'xl/worksheets/sheet3.xml'
12:22:27.088 [main] INFO  - Goto Surgery --> Retrive the Surgery List
12:22:27.141 [main] INFO  - Validate Form fields with invalid input
12:25:27.545 [main] INFO  - Goto Find Doctors
12:25:27.566 [main] INFO  - Enter Location and details..
12:25:28.192 [main] DEBUG - Parsing relationship: /xl/_rels/workbook.xml.rels
12:25:28.200 [main] DEBUG - Parsing relationship: /_rels/.rels
12:25:28.930 [main] TRACE - Loading type system org.apache.poi.schemas.ooxml.system.ooxml
12:25:28.942 [main] TRACE - Loading type system org.apache.xmlbeans.metadata.system.sXMLCONFIG
12:25:28.944 [main] TRACE - Loading type system org.apache.xmlbeans.metadata.system.sXMLLANG
12:25:28.946 [main] TRACE - Loading type system org.apache.xmlbeans.metadata.system.sXMLSCHEMA
12:25:28.948 [main] TRACE - Loading type system org.apache.xmlbeans.metadata.system.sXMLTOOLS
12:25:28.952 [main] TRACE - Reading unresolved handles for type system org.apache.xmlbeans.metadata.system.sXMLTOOLS
12:25:29.012 [main] TRACE - Finished loading type system org.apache.xmlbeans.metadata.system.sXMLTOOLS
12:25:29.015 [main] TRACE - Reading unresolved handles for type system org.apache.xmlbeans.metadata.system.sXMLSCHEMA
12:25:29.028 [main] TRACE - Finished loading type system org.apache.xmlbeans.metadata.system.sXMLSCHEMA
12:25:29.031 [main] TRACE - Reading unresolved handles for type system org.apache.xmlbeans.metadata.system.sXMLLANG
12:25:29.033 [main] TRACE - Finished loading type system org.apache.xmlbeans.metadata.system.sXMLLANG
12:25:29.036 [main] TRACE - Reading unresolved handles for type system org.apache.xmlbeans.metadata.system.sXMLCONFIG
12:25:29.039 [main] TRACE - Finished loading type system org.apache.xmlbeans.metadata.system.sXMLCONFIG
12:25:29.043 [main] TRACE - Reading unresolved handles for type system org.apache.poi.schemas.ooxml.system.ooxml
12:25:29.162 [main] TRACE - Finished loading type system org.apache.poi.schemas.ooxml.system.ooxml
12:25:29.165 [main] TRACE - Resolving type for handle themefd26doctype
12:25:29.401 [main] TRACE - Resolving type for handle stylesheet5d8bdoctype
12:25:29.416 [main] TRACE - Resolving type for handle ctstylesheet4257type
12:25:29.435 [main] TRACE - Resolving type for handle ctfonts6623type
12:25:29.448 [main] TRACE - Resolving type for handle ctfont14d8type
12:25:29.468 [main] TRACE - Resolving type for handle ctfills2c6ftype
12:25:29.476 [main] TRACE - Resolving type for handle ctfill550ctype
12:25:29.483 [main] TRACE - Resolving type for handle ctborders0d66type
12:25:29.492 [main] TRACE - Resolving type for handle ctborderf935type
12:25:29.502 [main] TRACE - Resolving type for handle ctcellxfs1322type
12:25:29.512 [main] TRACE - Resolving type for handle ctxf97f7type
12:25:29.520 [main] TRACE - Resolving type for handle ctcellstylexfsa81ftype
12:25:29.525 [main] TRACE - Resolving type for handle ctdxfsb26atype
12:25:29.532 [main] TRACE - Resolving type for handle cttablestyles872ftype
12:25:29.540 [main] TRACE - Resolving type for handle sstf81fdoctype
12:25:29.550 [main] TRACE - Resolving type for handle ctsst44f3type
12:25:29.582 [main] TRACE - Resolving type for handle ctrsta472type
12:25:29.631 [main] TRACE - Resolving type for handle workbookec17doctype
12:25:29.639 [main] TRACE - Resolving type for handle ctworkbook83c3type
12:25:29.652 [main] TRACE - Resolving type for handle ctsheets49fdtype
12:25:29.658 [main] TRACE - Resolving type for handle ctsheet4dbetype
12:25:29.664 [main] TRACE - Resolving type for handle strelationshipid1e94type
12:25:29.671 [main] TRACE - Resolving type for handle worksheetf539doctype
12:25:29.679 [main] TRACE - Resolving type for handle ctworksheet530dtype
12:25:29.702 [main] TRACE - Resolving type for handle ctsheetdata8408type
12:25:29.709 [main] TRACE - Resolving type for handle ctrowdd39type
12:25:29.723 [main] TRACE - Resolving type for handle ctcell842btype
12:25:29.746 [main] TRACE - Resolving type for handle stcellrefe4e0type
12:25:29.771 [main] TRACE - Resolving type for handle ctcols627ctype
12:25:29.812 [main] TRACE - Resolving type for handle stcelltypebf95type
12:25:29.829 [main] TRACE - Resolving type for handle stxstringf179type
12:25:36.677 [main] INFO  - Provide the Filters to sort the doctors in the given location
12:25:36.704 [main] INFO  - Retrive the Doctor details
12:25:36.735 [main] INFO  - Goto Surgery --> Retrive the Surgery List
12:25:36.762 [main] INFO  - Validate Form fields with invalid input
12:32:39.729 [main] INFO  - Goto Find Doctors
12:32:39.740 [main] INFO  - Enter Location and details..
12:32:40.278 [main] DEBUG - Parsing relationship: /xl/_rels/workbook.xml.rels
12:32:40.284 [main] DEBUG - Parsing relationship: /_rels/.rels
12:32:41.029 [main] TRACE - Loading type system org.apache.poi.schemas.ooxml.system.ooxml
12:32:41.040 [main] TRACE - Loading type system org.apache.xmlbeans.metadata.system.sXMLCONFIG
12:32:41.042 [main] TRACE - Loading type system org.apache.xmlbeans.metadata.system.sXMLLANG
12:32:41.044 [main] TRACE - Loading type system org.apache.xmlbeans.metadata.system.sXMLSCHEMA
12:32:41.046 [main] TRACE - Loading type system org.apache.xmlbeans.metadata.system.sXMLTOOLS
12:32:41.053 [main] TRACE - Reading unresolved handles for type system org.apache.xmlbeans.metadata.system.sXMLTOOLS
12:32:41.119 [main] TRACE - Finished loading type system org.apache.xmlbeans.metadata.system.sXMLTOOLS
12:32:41.124 [main] TRACE - Reading unresolved handles for type system org.apache.xmlbeans.metadata.system.sXMLSCHEMA
12:32:41.143 [main] TRACE - Finished loading type system org.apache.xmlbeans.metadata.system.sXMLSCHEMA
12:32:41.146 [main] TRACE - Reading unresolved handles for type system org.apache.xmlbeans.metadata.system.sXMLLANG
12:32:41.150 [main] TRACE - Finished loading type system org.apache.xmlbeans.metadata.system.sXMLLANG
12:32:41.153 [main] TRACE - Reading unresolved handles for type system org.apache.xmlbeans.metadata.system.sXMLCONFIG
12:32:41.158 [main] TRACE - Finished loading type system org.apache.xmlbeans.metadata.system.sXMLCONFIG
12:32:41.163 [main] TRACE - Reading unresolved handles for type system org.apache.poi.schemas.ooxml.system.ooxml
12:32:41.327 [main] TRACE - Finished loading type system org.apache.poi.schemas.ooxml.system.ooxml
12:32:41.331 [main] TRACE - Resolving type for handle themefd26doctype
12:32:41.638 [main] TRACE - Resolving type for handle stylesheet5d8bdoctype
12:32:41.651 [main] TRACE - Resolving type for handle ctstylesheet4257type
12:32:41.678 [main] TRACE - Resolving type for handle ctfonts6623type
12:32:41.690 [main] TRACE - Resolving type for handle ctfont14d8type
12:32:41.713 [main] TRACE - Resolving type for handle ctfills2c6ftype
12:32:41.732 [main] TRACE - Resolving type for handle ctfill550ctype
12:32:41.741 [main] TRACE - Resolving type for handle ctborders0d66type
12:32:41.753 [main] TRACE - Resolving type for handle ctborderf935type
12:32:41.773 [main] TRACE - Resolving type for handle ctcellxfs1322type
12:32:41.784 [main] TRACE - Resolving type for handle ctxf97f7type
12:32:41.795 [main] TRACE - Resolving type for handle ctcellstylexfsa81ftype
12:32:41.811 [main] TRACE - Resolving type for handle ctdxfsb26atype
12:32:41.822 [main] TRACE - Resolving type for handle cttablestyles872ftype
12:32:41.834 [main] TRACE - Resolving type for handle sstf81fdoctype
12:32:41.844 [main] TRACE - Resolving type for handle ctsst44f3type
12:32:41.898 [main] TRACE - Resolving type for handle ctrsta472type
12:32:41.980 [main] TRACE - Resolving type for handle workbookec17doctype
12:32:42.005 [main] TRACE - Resolving type for handle ctworkbook83c3type
12:32:42.021 [main] TRACE - Resolving type for handle ctsheets49fdtype
12:32:42.029 [main] TRACE - Resolving type for handle ctsheet4dbetype
12:32:42.041 [main] TRACE - Resolving type for handle strelationshipid1e94type
12:32:42.051 [main] TRACE - Resolving type for handle worksheetf539doctype
12:32:42.065 [main] TRACE - Resolving type for handle ctworksheet530dtype
12:32:42.089 [main] TRACE - Resolving type for handle ctsheetdata8408type
12:32:42.099 [main] TRACE - Resolving type for handle ctrowdd39type
12:32:42.120 [main] TRACE - Resolving type for handle ctcell842btype
12:32:42.149 [main] TRACE - Resolving type for handle stcellrefe4e0type
12:32:42.183 [main] TRACE - Resolving type for handle ctcols627ctype
12:32:42.239 [main] TRACE - Resolving type for handle stcelltypebf95type
12:32:42.261 [main] TRACE - Resolving type for handle stxstringf179type
